<?xml version="1.0" encoding="UTF-8"?>
<!-- Generated by org.testng.reporters.JUnitReportReporter -->
<testsuite hostname="LAPTOP-KQ6KACL0" failures="0" tests="3" name="com.TestRunner.TestRunner" time="18.084" errors="0" timestamp="2021-12-26T16:03:06 EST" skipped="0">
  <testcase classname="com.TestRunner.TestRunner" name="feature" time="6.400"/>
  <system-out/>
  <testcase classname="com.TestRunner.TestRunner" name="feature" time="3.331"/>
  <system-out/>
  <testcase classname="com.TestRunner.TestRunner" name="feature" time="8.353"/>
  <system-out/>
</testsuite> <!-- com.TestRunner.TestRunner -->
