<?xml version="1.0" encoding="UTF-8"?>
<!-- Generated by org.testng.reporters.JUnitReportReporter -->
<testsuite hostname="LAPTOP-KQ6KACL0" failures="0" tests="1" name="com.TestRunner.TestRunner" time="5.607" errors="0" timestamp="2022-02-14T00:39:46 EST" skipped="0">
  <testcase classname="com.TestRunner.TestRunner" name="feature" time="5.607"/>
  <system-out/>
</testsuite> <!-- com.TestRunner.TestRunner -->
