<?xml version="1.0" encoding="UTF-8"?>
<!-- Generated by org.testng.reporters.JUnitReportReporter -->
<testsuite hostname="LAPTOP-KQ6KACL0" failures="0" tests="6" name="com.TestRunner.TestRunner" time="19.190" errors="0" timestamp="2022-02-15T12:49:05 EST" skipped="0">
  <testcase classname="com.TestRunner.TestRunner" name="feature" time="4.323"/>
  <system-out/>
  <testcase classname="com.TestRunner.TestRunner" name="feature" time="2.590"/>
  <system-out/>
  <testcase classname="com.TestRunner.TestRunner" name="feature" time="2.279"/>
  <system-out/>
  <testcase classname="com.TestRunner.TestRunner" name="feature" time="1.829"/>
  <system-out/>
  <testcase classname="com.TestRunner.TestRunner" name="feature" time="4.706"/>
  <system-out/>
  <testcase classname="com.TestRunner.TestRunner" name="feature" time="3.463"/>
  <system-out/>
</testsuite> <!-- com.TestRunner.TestRunner -->
