<?xml version="1.0" encoding="UTF-8"?>
<!-- Generated by org.testng.reporters.JUnitReportReporter -->
<testsuite hostname="LAPTOP-KQ6KACL0" failures="0" tests="3" name="com.TestRunner.TestRunner" time="20.085" errors="0" timestamp="2021-12-24T22:41:32 EST" skipped="0">
  <testcase classname="com.TestRunner.TestRunner" name="feature" time="9.816"/>
  <system-out/>
  <testcase classname="com.TestRunner.TestRunner" name="feature" time="2.266"/>
  <system-out/>
  <testcase classname="com.TestRunner.TestRunner" name="feature" time="8.003"/>
  <system-out/>
</testsuite> <!-- com.TestRunner.TestRunner -->
